# JRE version: OpenJDK Runtime Environment (8.0_242-b01) (build 1.8.0_242-release-1644-b01)
# Java VM: OpenJDK 64-Bit Server VM (25.242-b01 mixed mode windows-amd64 compressed oops)
Heap:
 PSYoungGen      total 636928K, used 45815K [0x00000000d5580000, 0x00000000ff900000, 0x0000000100000000)
  eden space 582144K, 4% used [0x00000000d5580000,0x00000000d6f6c270,0x00000000f8e00000)
  from space 54784K, 35% used [0x00000000f8e00000,0x00000000fa0d1d28,0x00000000fc380000)
  to   space 50176K, 0% used [0x00000000fc800000,0x00000000fc800000,0x00000000ff900000)
 ParOldGen       total 237056K, used 179076K [0x0000000080000000, 0x000000008e780000, 0x00000000d5580000)
  object space 237056K, 75% used [0x0000000080000000,0x000000008aee1108,0x000000008e780000)
 Metaspace       used 102292K, capacity 111298K, committed 111512K, reserved 1146880K
  class space    used 13251K, capacity 14697K, committed 14768K, reserved 1048576K
GC Heap History (10 events):
Event: 1789.552 GC heap before
{Heap before GC invocations=40 (full 5):
 PSYoungGen      total 625664K, used 620956K [0x00000000d5580000, 0x0000000100000000, 0x0000000100000000)
  eden space 567808K, 100% used [0x00000000d5580000,0x00000000f8000000,0x00000000f8000000)
  from space 57856K, 91% used [0x00000000fc780000,0x00000000ffb67258,0x0000000100000000)
  to   space 65536K, 0% used [0x00000000f8000000,0x00000000f8000000,0x00000000fc000000)
 ParOldGen       total 237056K, used 179036K [0x0000000080000000, 0x000000008e780000, 0x00000000d5580000)
  object space 237056K, 75% used [0x0000000080000000,0x000000008aed7108,0x000000008e780000)
 Metaspace       used 100166K, capacity 107138K, committed 107288K, reserved 1142784K
  class space    used 12922K, capacity 14105K, committed 14128K, reserved 1048576K
Event: 1789.564 GC heap after
Heap after GC invocations=40 (full 5):
 PSYoungGen      total 633344K, used 19975K [0x00000000d5580000, 0x0000000100000000, 0x0000000100000000)
  eden space 567808K, 0% used [0x00000000d5580000,0x00000000d5580000,0x00000000f8000000)
  from space 65536K, 30% used [0x00000000f8000000,0x00000000f9381d58,0x00000000fc000000)
  to   space 62976K, 0% used [0x00000000fc280000,0x00000000fc280000,0x0000000100000000)
 ParOldGen       total 237056K, used 179044K [0x0000000080000000, 0x000000008e780000, 0x00000000d5580000)
  object space 237056K, 75% used [0x0000000080000000,0x000000008aed9108,0x000000008e780000)
 Metaspace       used 100166K, capacity 107138K, committed 107288K, reserved 1142784K
  class space    used 12922K, capacity 14105K, committed 14128K, reserved 1048576K
}
Event: 1816.324 GC heap before
{Heap before GC invocations=41 (full 5):
 PSYoungGen      total 633344K, used 587783K [0x00000000d5580000, 0x0000000100000000, 0x0000000100000000)
  eden space 567808K, 100% used [0x00000000d5580000,0x00000000f8000000,0x00000000f8000000)
  from space 65536K, 30% used [0x00000000f8000000,0x00000000f9381d58,0x00000000fc000000)
  to   space 62976K, 0% used [0x00000000fc280000,0x00000000fc280000,0x0000000100000000)
 ParOldGen       total 237056K, used 179044K [0x0000000080000000, 0x000000008e780000, 0x00000000d5580000)
  object space 237056K, 75% used [0x0000000080000000,0x000000008aed9108,0x000000008e780000)
 Metaspace       used 100304K, capacity 107212K, committed 107288K, reserved 1142784K
  class space    used 12923K, capacity 14106K, committed 14128K, reserved 1048576K
Event: 1816.358 GC heap after
Heap after GC invocations=41 (full 5):
 PSYoungGen      total 624640K, used 20290K [0x00000000d5580000, 0x00000000ff780000, 0x0000000100000000)
  eden space 570368K, 0% used [0x00000000d5580000,0x00000000d5580000,0x00000000f8280000)
  from space 54272K, 37% used [0x00000000fc280000,0x00000000fd650b98,0x00000000ff780000)
  to   space 59904K, 0% used [0x00000000f8280000,0x00000000f8280000,0x00000000fbd00000)
 ParOldGen       total 237056K, used 179052K [0x0000000080000000, 0x000000008e780000, 0x00000000d5580000)
  object space 237056K, 75% used [0x0000000080000000,0x000000008aedb108,0x000000008e780000)
 Metaspace       used 100304K, capacity 107212K, committed 107288K, reserved 1142784K
  class space    used 12923K, capacity 14106K, committed 14128K, reserved 1048576K
}
Event: 1979.735 GC heap before
{Heap before GC invocations=42 (full 5):
 PSYoungGen      total 624640K, used 590658K [0x00000000d5580000, 0x00000000ff780000, 0x0000000100000000)
  eden space 570368K, 100% used [0x00000000d5580000,0x00000000f8280000,0x00000000f8280000)
  from space 54272K, 37% used [0x00000000fc280000,0x00000000fd650b98,0x00000000ff780000)
  to   space 59904K, 0% used [0x00000000f8280000,0x00000000f8280000,0x00000000fbd00000)
 ParOldGen       total 237056K, used 179052K [0x0000000080000000, 0x000000008e780000, 0x00000000d5580000)
  object space 237056K, 75% used [0x0000000080000000,0x000000008aedb108,0x000000008e780000)
 Metaspace       used 100519K, capacity 107434K, committed 107544K, reserved 1142784K
  class space    used 12925K, capacity 14109K, committed 14128K, reserved 1048576K
Event: 1980.147 GC heap after
Heap after GC invocations=42 (full 5):
 PSYoungGen      total 630272K, used 25795K [0x00000000d5580000, 0x00000000fff80000, 0x0000000100000000)
  eden space 570368K, 0% used [0x00000000d5580000,0x00000000d5580000,0x00000000f8280000)
  from space 59904K, 43% used [0x00000000f8280000,0x00000000f9bb0fd8,0x00000000fbd00000)
  to   space 56832K, 0% used [0x00000000fc800000,0x00000000fc800000,0x00000000fff80000)
 ParOldGen       total 237056K, used 179060K [0x0000000080000000, 0x000000008e780000, 0x00000000d5580000)
  object space 237056K, 75% used [0x0000000080000000,0x000000008aedd108,0x000000008e780000)
 Metaspace       used 100519K, capacity 107434K, committed 107544K, reserved 1142784K
  class space    used 12925K, capacity 14109K, committed 14128K, reserved 1048576K
}
Event: 2005.133 GC heap before
{Heap before GC invocations=43 (full 5):
 PSYoungGen      total 630272K, used 596163K [0x00000000d5580000, 0x00000000fff80000, 0x0000000100000000)
  eden space 570368K, 100% used [0x00000000d5580000,0x00000000f8280000,0x00000000f8280000)
  from space 59904K, 43% used [0x00000000f8280000,0x00000000f9bb0fd8,0x00000000fbd00000)
  to   space 56832K, 0% used [0x00000000fc800000,0x00000000fc800000,0x00000000fff80000)
 ParOldGen       total 237056K, used 179060K [0x0000000080000000, 0x000000008e780000, 0x00000000d5580000)
  object space 237056K, 75% used [0x0000000080000000,0x000000008aedd108,0x000000008e780000)
 Metaspace       used 101284K, capacity 109294K, committed 109464K, reserved 1144832K
  class space    used 13089K, capacity 14397K, committed 14512K, reserved 1048576K
Event: 2005.191 GC heap after
Heap after GC invocations=43 (full 5):
 PSYoungGen      total 632320K, used 17739K [0x00000000d5580000, 0x00000000ff900000, 0x0000000100000000)
  eden space 582144K, 0% used [0x00000000d5580000,0x00000000d5580000,0x00000000f8e00000)
  from space 50176K, 35% used [0x00000000fc800000,0x00000000fd952fc8,0x00000000ff900000)
  to   space 54784K, 0% used [0x00000000f8e00000,0x00000000f8e00000,0x00000000fc380000)
 ParOldGen       total 237056K, used 179068K [0x0000000080000000, 0x000000008e780000, 0x00000000d5580000)
  object space 237056K, 75% used [0x0000000080000000,0x000000008aedf108,0x000000008e780000)
 Metaspace       used 101284K, capacity 109294K, committed 109464K, reserved 1144832K
  class space    used 13089K, capacity 14397K, committed 14512K, reserved 1048576K
}
Event: 2043.439 GC heap before
{Heap before GC invocations=44 (full 5):
 PSYoungGen      total 632320K, used 599883K [0x00000000d5580000, 0x00000000ff900000, 0x0000000100000000)
  eden space 582144K, 100% used [0x00000000d5580000,0x00000000f8e00000,0x00000000f8e00000)
  from space 50176K, 35% used [0x00000000fc800000,0x00000000fd952fc8,0x00000000ff900000)
  to   space 54784K, 0% used [0x00000000f8e00000,0x00000000f8e00000,0x00000000fc380000)
 ParOldGen       total 237056K, used 179068K [0x0000000080000000, 0x000000008e780000, 0x00000000d5580000)
  object space 237056K, 75% used [0x0000000080000000,0x000000008aedf108,0x000000008e780000)
 Metaspace       used 102286K, capacity 111298K, committed 111512K, reserved 1146880K
  class space    used 13251K, capacity 14697K, committed 14768K, reserved 1048576K
Event: 2043.522 GC heap after
Heap after GC invocations=44 (full 5):
 PSYoungGen      total 636928K, used 19271K [0x00000000d5580000, 0x00000000ff900000, 0x0000000100000000)
  eden space 582144K, 0% used [0x00000000d5580000,0x00000000d5580000,0x00000000f8e00000)
  from space 54784K, 35% used [0x00000000f8e00000,0x00000000fa0d1d28,0x00000000fc380000)
  to   space 50176K, 0% used [0x00000000fc800000,0x00000000fc800000,0x00000000ff900000)
 ParOldGen       total 237056K, used 179076K [0x0000000080000000, 0x000000008e780000, 0x00000000d5580000)
  object space 237056K, 75% used [0x0000000080000000,0x000000008aee1108,0x000000008e780000)
 Metaspace       used 102286K, capacity 111298K, committed 111512K, reserved 1146880K
  class space    used 13251K, capacity 14697K, committed 14768K, reserved 1048576K
}

